0 verbose cli /Users/lishiguang/.nvm/versions/node/v22.11.0/bin/node /Users/lishiguang/.nvm/versions/node/v22.11.0/bin/npm
1 info using npm@10.9.0
2 info using node@v22.11.0
3 silly config load:file:/Users/lishiguang/.nvm/versions/node/v22.11.0/lib/node_modules/npm/npmrc
4 silly config load:file:/Users/lishiguang/dev/fpv-learning/.npmrc
5 silly config load:file:/Users/lishiguang/.npmrc
6 silly config load:file:/Users/lishiguang/.nvm/versions/node/v22.11.0/etc/npmrc
7 verbose title npm install lucide-react framer-motion clsx tailwind-merge @tailwindcss/typography
8 verbose argv "install" "lucide-react" "framer-motion" "clsx" "tailwind-merge" "@tailwindcss/typography" "--cache" "./local-npm-cache"
9 verbose logfile logs-max:10 dir:/Users/lishiguang/dev/fpv-learning/local-npm-cache/_logs/2026-01-11T13_41_08_894Z-
10 verbose logfile /Users/lishiguang/dev/fpv-learning/local-npm-cache/_logs/2026-01-11T13_41_08_894Z-debug-0.log
11 silly logfile done cleaning log files
12 silly packumentCache heap:4345298944 maxSize:1086324736 maxEntrySize:543162368
13 silly idealTree buildDeps
14 silly fetch manifest lucide-react@*
15 silly packumentCache full:https://registry.npmmirror.com/lucide-react cache-miss
16 http fetch GET 200 https://registry.npmmirror.com/lucide-react 285ms (cache miss)
17 silly packumentCache full:https://registry.npmmirror.com/lucide-react set size:399914 disposed:false
18 silly fetch manifest react@19.2.3
19 silly packumentCache full:https://registry.npmmirror.com/react cache-miss
20 http fetch GET 200 https://registry.npmmirror.com/react 9ms (cache hit)
21 silly packumentCache full:https://registry.npmmirror.com/react set size:6084189 disposed:false
22 silly fetch manifest framer-motion@*
23 silly packumentCache full:https://registry.npmmirror.com/framer-motion cache-miss
24 http fetch GET 200 https://registry.npmmirror.com/framer-motion 193ms (cache miss)
25 silly packumentCache full:https://registry.npmmirror.com/framer-motion set size:1377234 disposed:false
26 silly fetch manifest @emotion/is-prop-valid@*
27 silly packumentCache full:https://registry.npmmirror.com/@emotion%2fis-prop-valid cache-miss
28 http fetch GET 200 https://registry.npmmirror.com/@emotion%2fis-prop-valid 91ms (cache miss)
29 silly packumentCache full:https://registry.npmmirror.com/@emotion%2fis-prop-valid set size:13941 disposed:false
30 silly fetch manifest react-dom@19.2.3
31 silly packumentCache full:https://registry.npmmirror.com/react-dom cache-miss
32 http fetch GET 200 https://registry.npmmirror.com/react-dom 11ms (cache hit)
33 silly packumentCache full:https://registry.npmmirror.com/react-dom set size:8074574 disposed:false
34 silly fetch manifest clsx@*
35 silly packumentCache full:https://registry.npmmirror.com/clsx cache-miss
36 http fetch GET 200 https://registry.npmmirror.com/clsx 53ms (cache miss)
37 silly packumentCache full:https://registry.npmmirror.com/clsx set size:9149 disposed:false
38 silly fetch manifest tailwind-merge@*
39 silly packumentCache full:https://registry.npmmirror.com/tailwind-merge cache-miss
40 http fetch GET 200 https://registry.npmmirror.com/tailwind-merge 78ms (cache miss)
41 silly packumentCache full:https://registry.npmmirror.com/tailwind-merge set size:236392 disposed:false
42 silly fetch manifest @tailwindcss/typography@*
43 silly packumentCache full:https://registry.npmmirror.com/@tailwindcss%2ftypography cache-miss
44 http fetch GET 200 https://registry.npmmirror.com/@tailwindcss%2ftypography 104ms (cache miss)
45 silly packumentCache full:https://registry.npmmirror.com/@tailwindcss%2ftypography set size:101767 disposed:false
46 silly fetch manifest tailwindcss@^4
47 silly packumentCache full:https://registry.npmmirror.com/tailwindcss cache-miss
48 http fetch GET 200 https://registry.npmmirror.com/tailwindcss 12ms (cache hit)
49 silly packumentCache full:https://registry.npmmirror.com/tailwindcss set size:10084629 disposed:false
50 silly placeDep ROOT @tailwindcss/typography@0.5.19 OK for: fpv-learning@0.1.0 want: *
51 silly placeDep ROOT clsx@2.1.1 OK for: fpv-learning@0.1.0 want: *
52 silly placeDep ROOT framer-motion@12.25.0 OK for: fpv-learning@0.1.0 want: *
53 silly placeDep ROOT lucide-react@0.562.0 OK for: fpv-learning@0.1.0 want: *
54 silly placeDep ROOT tailwind-merge@3.4.0 OK for: fpv-learning@0.1.0 want: *
55 silly fetch manifest postcss-selector-parser@6.0.10
56 silly packumentCache full:https://registry.npmmirror.com/postcss-selector-parser cache-miss
57 silly fetch manifest motion-dom@^12.24.11
58 silly packumentCache full:https://registry.npmmirror.com/motion-dom cache-miss
59 silly fetch manifest motion-utils@^12.24.10
60 silly packumentCache full:https://registry.npmmirror.com/motion-utils cache-miss
61 http fetch GET 200 https://registry.npmmirror.com/postcss-selector-parser 66ms (cache miss)
62 silly packumentCache full:https://registry.npmmirror.com/postcss-selector-parser set size:26936 disposed:false
63 http fetch GET 200 https://registry.npmmirror.com/motion-utils 187ms (cache miss)
64 silly packumentCache full:https://registry.npmmirror.com/motion-utils set size:11232 disposed:false
65 http fetch GET 200 https://registry.npmmirror.com/motion-dom 221ms (cache miss)
66 silly packumentCache full:https://registry.npmmirror.com/motion-dom set size:33227 disposed:false
67 silly placeDep ROOT postcss-selector-parser@6.0.10 OK for: @tailwindcss/typography@0.5.19 want: 6.0.10
68 silly fetch manifest cssesc@^3.0.0
69 silly packumentCache full:https://registry.npmmirror.com/cssesc cache-miss
70 silly fetch manifest util-deprecate@^1.0.2
71 silly packumentCache full:https://registry.npmmirror.com/util-deprecate cache-miss
72 http fetch GET 200 https://registry.npmmirror.com/cssesc 53ms (cache miss)
73 silly packumentCache full:https://registry.npmmirror.com/cssesc set size:5105 disposed:false
74 http fetch GET 200 https://registry.npmmirror.com/util-deprecate 66ms (cache miss)
75 silly packumentCache full:https://registry.npmmirror.com/util-deprecate set size:2289 disposed:false
76 silly placeDep ROOT motion-dom@12.24.11 OK for: framer-motion@12.25.0 want: ^12.24.11
77 silly placeDep ROOT motion-utils@12.24.10 OK for: framer-motion@12.25.0 want: ^12.24.10
78 silly placeDep ROOT cssesc@3.0.0 OK for: postcss-selector-parser@6.0.10 want: ^3.0.0
79 silly placeDep ROOT util-deprecate@1.0.2 OK for: postcss-selector-parser@6.0.10 want: ^1.0.2
80 silly reify moves {}
81 verbose reify failed optional dependency /Users/lishiguang/dev/fpv-learning/node_modules/@tailwindcss/oxide-wasm32-wasi
82 silly reify mark deleted [
82 silly reify   '/Users/lishiguang/dev/fpv-learning/node_modules/@tailwindcss/oxide-wasm32-wasi'
82 silly reify ]
83 silly audit bulk request {
83 silly audit   '@alloc/quick-lru': [ '5.2.0' ],
83 silly audit   '@babel/code-frame': [ '7.27.1' ],
83 silly audit   '@babel/compat-data': [ '7.28.5' ],
83 silly audit   '@babel/core': [ '7.28.5' ],
83 silly audit   '@babel/generator': [ '7.28.5' ],
83 silly audit   '@babel/helper-compilation-targets': [ '7.27.2' ],
83 silly audit   '@babel/helper-globals': [ '7.28.0' ],
83 silly audit   '@babel/helper-module-imports': [ '7.27.1' ],
83 silly audit   '@babel/helper-module-transforms': [ '7.28.3' ],
83 silly audit   '@babel/helper-string-parser': [ '7.27.1' ],
83 silly audit   '@babel/helper-validator-identifier': [ '7.28.5' ],
83 silly audit   '@babel/helper-validator-option': [ '7.27.1' ],
83 silly audit   '@babel/helpers': [ '7.28.4' ],
83 silly audit   '@babel/parser': [ '7.28.5' ],
83 silly audit   '@babel/template': [ '7.27.2' ],
83 silly audit   '@babel/traverse': [ '7.28.5' ],
83 silly audit   '@babel/types': [ '7.28.5' ],
83 silly audit   '@emnapi/core': [ '1.8.1' ],
83 silly audit   '@emnapi/runtime': [ '1.8.1' ],
83 silly audit   '@emnapi/wasi-threads': [ '1.1.0' ],
83 silly audit   '@eslint-community/eslint-utils': [ '4.9.1' ],
83 silly audit   'eslint-visitor-keys': [ '3.4.3', '4.2.1' ],
83 silly audit   '@eslint-community/regexpp': [ '4.12.2' ],
83 silly audit   '@eslint/config-array': [ '0.21.1' ],
83 silly audit   '@eslint/config-helpers': [ '0.4.2' ],
83 silly audit   '@eslint/core': [ '0.17.0' ],
83 silly audit   '@eslint/eslintrc': [ '3.3.3' ],
83 silly audit   '@eslint/js': [ '9.39.2' ],
83 silly audit   '@eslint/object-schema': [ '2.1.7' ],
83 silly audit   '@eslint/plugin-kit': [ '0.4.1' ],
83 silly audit   '@humanfs/core': [ '0.19.1' ],
83 silly audit   '@humanfs/node': [ '0.16.7' ],
83 silly audit   '@humanwhocodes/module-importer': [ '1.0.1' ],
83 silly audit   '@humanwhocodes/retry': [ '0.4.3' ],
83 silly audit   '@img/colour': [ '1.0.0' ],
83 silly audit   '@img/sharp-darwin-arm64': [ '0.34.5' ],
83 silly audit   '@img/sharp-darwin-x64': [ '0.34.5' ],
83 silly audit   '@img/sharp-libvips-darwin-arm64': [ '1.2.4' ],
83 silly audit   '@img/sharp-libvips-darwin-x64': [ '1.2.4' ],
83 silly audit   '@img/sharp-libvips-linux-arm': [ '1.2.4' ],
83 silly audit   '@img/sharp-libvips-linux-arm64': [ '1.2.4' ],
83 silly audit   '@img/sharp-libvips-linux-ppc64': [ '1.2.4' ],
83 silly audit   '@img/sharp-libvips-linux-riscv64': [ '1.2.4' ],
83 silly audit   '@img/sharp-libvips-linux-s390x': [ '1.2.4' ],
83 silly audit   '@img/sharp-libvips-linux-x64': [ '1.2.4' ],
83 silly audit   '@img/sharp-libvips-linuxmusl-arm64': [ '1.2.4' ],
83 silly audit   '@img/sharp-libvips-linuxmusl-x64': [ '1.2.4' ],
83 silly audit   '@img/sharp-linux-arm': [ '0.34.5' ],
83 silly audit   '@img/sharp-linux-arm64': [ '0.34.5' ],
83 silly audit   '@img/sharp-linux-ppc64': [ '0.34.5' ],
83 silly audit   '@img/sharp-linux-riscv64': [ '0.34.5' ],
83 silly audit   '@img/sharp-linux-s390x': [ '0.34.5' ],
83 silly audit   '@img/sharp-linux-x64': [ '0.34.5' ],
83 silly audit   '@img/sharp-linuxmusl-arm64': [ '0.34.5' ],
83 silly audit   '@img/sharp-linuxmusl-x64': [ '0.34.5' ],
83 silly audit   '@img/sharp-wasm32': [ '0.34.5' ],
83 silly audit   '@img/sharp-win32-arm64': [ '0.34.5' ],
83 silly audit   '@img/sharp-win32-ia32': [ '0.34.5' ],
83 silly audit   '@img/sharp-win32-x64': [ '0.34.5' ],
83 silly audit   '@jridgewell/gen-mapping': [ '0.3.13' ],
83 silly audit   '@jridgewell/remapping': [ '2.3.5' ],
83 silly audit   '@jridgewell/resolve-uri': [ '3.1.2' ],
83 silly audit   '@jridgewell/sourcemap-codec': [ '1.5.5' ],
83 silly audit   '@jridgewell/trace-mapping': [ '0.3.31' ],
83 silly audit   '@napi-rs/wasm-runtime': [ '0.2.12' ],
83 silly audit   '@next/env': [ '16.1.1' ],
83 silly audit   '@next/eslint-plugin-next': [ '16.1.1' ],
83 silly audit   '@next/swc-darwin-arm64': [ '16.1.1' ],
83 silly audit   '@next/swc-darwin-x64': [ '16.1.1' ],
83 silly audit   '@next/swc-linux-arm64-gnu': [ '16.1.1' ],
83 silly audit   '@next/swc-linux-arm64-musl': [ '16.1.1' ],
83 silly audit   '@next/swc-linux-x64-gnu': [ '16.1.1' ],
83 silly audit   '@next/swc-linux-x64-musl': [ '16.1.1' ],
83 silly audit   '@next/swc-win32-arm64-msvc': [ '16.1.1' ],
83 silly audit   '@next/swc-win32-x64-msvc': [ '16.1.1' ],
83 silly audit   '@nodelib/fs.scandir': [ '2.1.5' ],
83 silly audit   '@nodelib/fs.stat': [ '2.0.5' ],
83 silly audit   '@nodelib/fs.walk': [ '1.2.8' ],
83 silly audit   '@nolyfill/is-core-module': [ '1.0.39' ],
83 silly audit   '@rtsao/scc': [ '1.1.0' ],
83 silly audit   '@swc/helpers': [ '0.5.15' ],
83 silly audit   '@tailwindcss/node': [ '4.1.18' ],
83 silly audit   '@tailwindcss/oxide': [ '4.1.18' ],
83 silly audit   '@tailwindcss/oxide-android-arm64': [ '4.1.18' ],
83 silly audit   '@tailwindcss/oxide-darwin-arm64': [ '4.1.18' ],
83 silly audit   '@tailwindcss/oxide-darwin-x64': [ '4.1.18' ],
83 silly audit   '@tailwindcss/oxide-freebsd-x64': [ '4.1.18' ],
83 silly audit   '@tailwindcss/oxide-linux-arm-gnueabihf': [ '4.1.18' ],
83 silly audit   '@tailwindcss/oxide-linux-arm64-gnu': [ '4.1.18' ],
83 silly audit   '@tailwindcss/oxide-linux-arm64-musl': [ '4.1.18' ],
83 silly audit   '@tailwindcss/oxide-linux-x64-gnu': [ '4.1.18' ],
83 silly audit   '@tailwindcss/oxide-linux-x64-musl': [ '4.1.18' ],
83 silly audit   '@tailwindcss/oxide-win32-arm64-msvc': [ '4.1.18' ],
83 silly audit   '@tailwindcss/oxide-win32-x64-msvc': [ '4.1.18' ],
83 silly audit   '@tailwindcss/postcss': [ '4.1.18' ],
83 silly audit   '@tybys/wasm-util': [ '0.10.1' ],
83 silly audit   '@types/estree': [ '1.0.8' ],
83 silly audit   '@types/json-schema': [ '7.0.15' ],
83 silly audit   '@types/json5': [ '0.0.29' ],
83 silly audit   '@types/node': [ '20.19.28' ],
83 silly audit   '@types/react': [ '19.2.8' ],
83 silly audit   '@types/react-dom': [ '19.2.3' ],
83 silly audit   '@typescript-eslint/eslint-plugin': [ '8.52.0' ],
83 silly audit   ignore: [ '7.0.5', '5.3.2' ],
83 silly audit   '@typescript-eslint/parser': [ '8.52.0' ],
83 silly audit   '@typescript-eslint/project-service': [ '8.52.0' ],
83 silly audit   '@typescript-eslint/scope-manager': [ '8.52.0' ],
83 silly audit   '@typescript-eslint/tsconfig-utils': [ '8.52.0' ],
83 silly audit   '@typescript-eslint/type-utils': [ '8.52.0' ],
83 silly audit   '@typescript-eslint/types': [ '8.52.0' ],
83 silly audit   '@typescript-eslint/typescript-estree': [ '8.52.0' ],
83 silly audit   'brace-expansion': [ '2.0.2', '1.1.12' ],
83 silly audit   minimatch: [ '9.0.5', '3.1.2' ],
83 silly audit   semver: [ '7.7.3', '6.3.1' ],
83 silly audit   '@typescript-eslint/utils': [ '8.52.0' ],
83 silly audit   '@typescript-eslint/visitor-keys': [ '8.52.0' ],
83 silly audit   '@unrs/resolver-binding-android-arm-eabi': [ '1.11.1' ],
83 silly audit   '@unrs/resolver-binding-android-arm64': [ '1.11.1' ],
83 silly audit   '@unrs/resolver-binding-darwin-arm64': [ '1.11.1' ],
83 silly audit   '@unrs/resolver-binding-darwin-x64': [ '1.11.1' ],
83 silly audit   '@unrs/resolver-binding-freebsd-x64': [ '1.11.1' ],
83 silly audit   '@unrs/resolver-binding-linux-arm-gnueabihf': [ '1.11.1' ],
83 silly audit   '@unrs/resolver-binding-linux-arm-musleabihf': [ '1.11.1' ],
83 silly audit   '@unrs/resolver-binding-linux-arm64-gnu': [ '1.11.1' ],
83 silly audit   '@unrs/resolver-binding-linux-arm64-musl': [ '1.11.1' ],
83 silly audit   '@unrs/resolver-binding-linux-ppc64-gnu': [ '1.11.1' ],
83 silly audit   '@unrs/resolver-binding-linux-riscv64-gnu': [ '1.11.1' ],
83 silly audit   '@unrs/resolver-binding-linux-riscv64-musl': [ '1.11.1' ],
83 silly audit   '@unrs/resolver-binding-linux-s390x-gnu': [ '1.11.1' ],
83 silly audit   '@unrs/resolver-binding-linux-x64-gnu': [ '1.11.1' ],
83 silly audit   '@unrs/resolver-binding-linux-x64-musl': [ '1.11.1' ],
83 silly audit   '@unrs/resolver-binding-wasm32-wasi': [ '1.11.1' ],
83 silly audit   '@unrs/resolver-binding-win32-arm64-msvc': [ '1.11.1' ],
83 silly audit   '@unrs/resolver-binding-win32-ia32-msvc': [ '1.11.1' ],
83 silly audit   '@unrs/resolver-binding-win32-x64-msvc': [ '1.11.1' ],
83 silly audit   acorn: [ '8.15.0' ],
83 silly audit   'acorn-jsx': [ '5.3.2' ],
83 silly audit   ajv: [ '6.12.6' ],
83 silly audit   'ansi-styles': [ '4.3.0' ],
83 silly audit   argparse: [ '2.0.1' ],
83 silly audit   'aria-query': [ '5.3.2' ],
83 silly audit   'array-buffer-byte-length': [ '1.0.2' ],
83 silly audit   'array-includes': [ '3.1.9' ],
83 silly audit   'array.prototype.findlast': [ '1.2.5' ],
83 silly audit   'array.prototype.findlastindex': [ '1.2.6' ],
83 silly audit   'array.prototype.flat': [ '1.3.3' ],
83 silly audit   'array.prototype.flatmap': [ '1.3.3' ],
83 silly audit   'array.prototype.tosorted': [ '1.1.4' ],
83 silly audit   'arraybuffer.prototype.slice': [ '1.0.4' ],
83 silly audit   'ast-types-flow': [ '0.0.8' ],
83 silly audit   'async-function': [ '1.0.0' ],
83 silly audit   'available-typed-arrays': [ '1.0.7' ],
83 silly audit   'axe-core': [ '4.11.1' ],
83 silly audit   'axobject-query': [ '4.1.0' ],
83 silly audit   'balanced-match': [ '1.0.2' ],
83 silly audit   'baseline-browser-mapping': [ '2.9.14' ],
83 silly audit   braces: [ '3.0.3' ],
83 silly audit   browserslist: [ '4.28.1' ],
83 silly audit   'call-bind': [ '1.0.8' ],
83 silly audit   'call-bind-apply-helpers': [ '1.0.2' ],
83 silly audit   'call-bound': [ '1.0.4' ],
83 silly audit   callsites: [ '3.1.0' ],
83 silly audit   'caniuse-lite': [ '1.0.30001764' ],
83 silly audit   chalk: [ '4.1.2' ],
83 silly audit   'client-only': [ '0.0.1' ],
83 silly audit   'color-convert': [ '2.0.1' ],
83 silly audit   'color-name': [ '1.1.4' ],
83 silly audit   'concat-map': [ '0.0.1' ],
83 silly audit   'convert-source-map': [ '2.0.0' ],
83 silly audit   'cross-spawn': [ '7.0.6' ],
83 silly audit   csstype: [ '3.2.3' ],
83 silly audit   'damerau-levenshtein': [ '1.0.8' ],
83 silly audit   'data-view-buffer': [ '1.0.2' ],
83 silly audit   'data-view-byte-length': [ '1.0.2' ],
83 silly audit   'data-view-byte-offset': [ '1.0.1' ],
83 silly audit   debug: [ '4.4.3', '3.2.7' ],
83 silly audit   'deep-is': [ '0.1.4' ],
83 silly audit   'define-data-property': [ '1.1.4' ],
83 silly audit   'define-properties': [ '1.2.1' ],
83 silly audit   'detect-libc': [ '2.1.2' ],
83 silly audit   doctrine: [ '2.1.0' ],
83 silly audit   'dunder-proto': [ '1.0.1' ],
83 silly audit   'electron-to-chromium': [ '1.5.267' ],
83 silly audit   'emoji-regex': [ '9.2.2' ],
83 silly audit   'enhanced-resolve': [ '5.18.4' ],
83 silly audit   'es-abstract': [ '1.24.1' ],
83 silly audit   'es-define-property': [ '1.0.1' ],
83 silly audit   'es-errors': [ '1.3.0' ],
83 silly audit   'es-iterator-helpers': [ '1.2.2' ],
83 silly audit   'es-object-atoms': [ '1.1.1' ],
83 silly audit   'es-set-tostringtag': [ '2.1.0' ],
83 silly audit   'es-shim-unscopables': [ '1.1.0' ],
83 silly audit   'es-to-primitive': [ '1.3.0' ],
83 silly audit   escalade: [ '3.2.0' ],
83 silly audit   'escape-string-regexp': [ '4.0.0' ],
83 silly audit   eslint: [ '9.39.2' ],
83 silly audit   'eslint-config-next': [ '16.1.1' ],
83 silly audit   globals: [ '16.4.0', '14.0.0' ],
83 silly audit   'eslint-import-resolver-node': [ '0.3.9' ],
83 silly audit   'eslint-import-resolver-typescript': [ '3.10.1' ],
83 silly audit   'eslint-module-utils': [ '2.12.1' ],
83 silly audit   'eslint-plugin-import': [ '2.32.0' ],
83 silly audit   'eslint-plugin-jsx-a11y': [ '6.10.2' ],
83 silly audit   'eslint-plugin-react': [ '7.37.5' ],
83 silly audit   'eslint-plugin-react-hooks': [ '7.0.1' ],
83 silly audit   resolve: [ '2.0.0-next.5', '1.22.11' ],
83 silly audit   'eslint-scope': [ '8.4.0' ],
83 silly audit   espree: [ '10.4.0' ],
83 silly audit   esquery: [ '1.7.0' ],
83 silly audit   esrecurse: [ '4.3.0' ],
83 silly audit   estraverse: [ '5.3.0' ],
83 silly audit   esutils: [ '2.0.3' ],
83 silly audit   'fast-deep-equal': [ '3.1.3' ],
83 silly audit   'fast-glob': [ '3.3.1' ],
83 silly audit   'glob-parent': [ '5.1.2', '6.0.2' ],
83 silly audit   'fast-json-stable-stringify': [ '2.1.0' ],
83 silly audit   'fast-levenshtein': [ '2.0.6' ],
83 silly audit   fastq: [ '1.20.1' ],
83 silly audit   'file-entry-cache': [ '8.0.0' ],
83 silly audit   'fill-range': [ '7.1.1' ],
83 silly audit   'find-up': [ '5.0.0' ],
83 silly audit   'flat-cache': [ '4.0.1' ],
83 silly audit   flatted: [ '3.3.3' ],
83 silly audit   'for-each': [ '0.3.5' ],
83 silly audit   'function-bind': [ '1.1.2' ],
83 silly audit   'function.prototype.name': [ '1.1.8' ],
83 silly audit   'functions-have-names': [ '1.2.3' ],
83 silly audit   'generator-function': [ '2.0.1' ],
83 silly audit   gensync: [ '1.0.0-beta.2' ],
83 silly audit   'get-intrinsic': [ '1.3.0' ],
83 silly audit   'get-proto': [ '1.0.1' ],
83 silly audit   'get-symbol-description': [ '1.1.0' ],
83 silly audit   'get-tsconfig': [ '4.13.0' ],
83 silly audit   globalthis: [ '1.0.4' ],
83 silly audit   gopd: [ '1.2.0' ],
83 silly audit   'graceful-fs': [ '4.2.11' ],
83 silly audit   'has-bigints': [ '1.1.0' ],
83 silly audit   'has-flag': [ '4.0.0' ],
83 silly audit   'has-property-descriptors': [ '1.0.2' ],
83 silly audit   'has-proto': [ '1.2.0' ],
83 silly audit   'has-symbols': [ '1.1.0' ],
83 silly audit   'has-tostringtag': [ '1.0.2' ],
83 silly audit   hasown: [ '2.0.2' ],
83 silly audit   'hermes-estree': [ '0.25.1' ],
83 silly audit   'hermes-parser': [ '0.25.1' ],
83 silly audit   'import-fresh': [ '3.3.1' ],
83 silly audit   imurmurhash: [ '0.1.4' ],
83 silly audit   'internal-slot': [ '1.1.0' ],
83 silly audit   'is-array-buffer': [ '3.0.5' ],
83 silly audit   'is-async-function': [ '2.1.1' ],
83 silly audit   'is-bigint': [ '1.1.0' ],
83 silly audit   'is-boolean-object': [ '1.2.2' ],
83 silly audit   'is-bun-module': [ '2.0.0' ],
83 silly audit   'is-callable': [ '1.2.7' ],
83 silly audit   'is-core-module': [ '2.16.1' ],
83 silly audit   'is-data-view': [ '1.0.2' ],
83 silly audit   'is-date-object': [ '1.1.0' ],
83 silly audit   'is-extglob': [ '2.1.1' ],
83 silly audit   'is-finalizationregistry': [ '1.1.1' ],
83 silly audit   'is-generator-function': [ '1.1.2' ],
83 silly audit   'is-glob': [ '4.0.3' ],
83 silly audit   'is-map': [ '2.0.3' ],
83 silly audit   'is-negative-zero': [ '2.0.3' ],
83 silly audit   'is-number': [ '7.0.0' ],
83 silly audit   'is-number-object': [ '1.1.1' ],
83 silly audit   'is-regex': [ '1.2.1' ],
83 silly audit   'is-set': [ '2.0.3' ],
83 silly audit   'is-shared-array-buffer': [ '1.0.4' ],
83 silly audit   'is-string': [ '1.1.1' ],
83 silly audit   'is-symbol': [ '1.1.1' ],
83 silly audit   'is-typed-array': [ '1.1.15' ],
83 silly audit   'is-weakmap': [ '2.0.2' ],
83 silly audit   'is-weakref': [ '1.1.1' ],
83 silly audit   'is-weakset': [ '2.0.4' ],
83 silly audit   isarray: [ '2.0.5' ],
83 silly audit   isexe: [ '2.0.0' ],
83 silly audit   'iterator.prototype': [ '1.1.5' ],
83 silly audit   jiti: [ '2.6.1' ],
83 silly audit   'js-tokens': [ '4.0.0' ],
83 silly audit   'js-yaml': [ '4.1.1' ],
83 silly audit   jsesc: [ '3.1.0' ],
83 silly audit   'json-buffer': [ '3.0.1' ],
83 silly audit   'json-schema-traverse': [ '0.4.1' ],
83 silly audit   'json-stable-stringify-without-jsonify': [ '1.0.1' ],
83 silly audit   json5: [ '2.2.3', '1.0.2' ],
83 silly audit   'jsx-ast-utils': [ '3.3.5' ],
83 silly audit   keyv: [ '4.5.4' ],
83 silly audit   'language-subtag-registry': [ '0.3.23' ],
83 silly audit   'language-tags': [ '1.0.9' ],
83 silly audit   levn: [ '0.4.1' ],
83 silly audit   lightningcss: [ '1.30.2' ],
83 silly audit   'lightningcss-android-arm64': [ '1.30.2' ],
83 silly audit   'lightningcss-darwin-arm64': [ '1.30.2' ],
83 silly audit   'lightningcss-darwin-x64': [ '1.30.2' ],
83 silly audit   'lightningcss-freebsd-x64': [ '1.30.2' ],
83 silly audit   'lightningcss-linux-arm-gnueabihf': [ '1.30.2' ],
83 silly audit   'lightningcss-linux-arm64-gnu': [ '1.30.2' ],
83 silly audit   'lightningcss-linux-arm64-musl': [ '1.30.2' ],
83 silly audit   'lightningcss-linux-x64-gnu': [ '1.30.2' ],
83 silly audit   'lightningcss-linux-x64-musl': [ '1.30.2' ],
83 silly audit   'lightningcss-win32-arm64-msvc': [ '1.30.2' ],
83 silly audit   'lightningcss-win32-x64-msvc': [ '1.30.2' ],
83 silly audit   'locate-path': [ '6.0.0' ],
83 silly audit   'lodash.merge': [ '4.6.2' ],
83 silly audit   'loose-envify': [ '1.4.0' ],
83 silly audit   'lru-cache': [ '5.1.1' ],
83 silly audit   'magic-string': [ '0.30.21' ],
83 silly audit   'math-intrinsics': [ '1.1.0' ],
83 silly audit   merge2: [ '1.4.1' ],
83 silly audit   micromatch: [ '4.0.8' ],
83 silly audit   minimist: [ '1.2.8' ],
83 silly audit   ms: [ '2.1.3' ],
83 silly audit   nanoid: [ '3.3.11' ],
83 silly audit   'napi-postinstall': [ '0.3.4' ],
83 silly audit   'natural-compare': [ '1.4.0' ],
83 silly audit   next: [ '16.1.1' ],
83 silly audit   postcss: [ '8.4.31', '8.5.6' ],
83 silly audit   'node-releases': [ '2.0.27' ],
83 silly audit   'object-assign': [ '4.1.1' ],
83 silly audit   'object-inspect': [ '1.13.4' ],
83 silly audit   'object-keys': [ '1.1.1' ],
83 silly audit   'object.assign': [ '4.1.7' ],
83 silly audit   'object.entries': [ '1.1.9' ],
83 silly audit   'object.fromentries': [ '2.0.8' ],
83 silly audit   'object.groupby': [ '1.0.3' ],
83 silly audit   'object.values': [ '1.2.1' ],
83 silly audit   optionator: [ '0.9.4' ],
83 silly audit   'own-keys': [ '1.0.1' ],
83 silly audit   'p-limit': [ '3.1.0' ],
83 silly audit   'p-locate': [ '5.0.0' ],
83 silly audit   'parent-module': [ '1.0.1' ],
83 silly audit   'path-exists': [ '4.0.0' ],
83 silly audit   'path-key': [ '3.1.1' ],
83 silly audit   'path-parse': [ '1.0.7' ],
83 silly audit   picocolors: [ '1.1.1' ],
83 silly audit   picomatch: [ '2.3.1', '4.0.3' ],
83 silly audit   'possible-typed-array-names': [ '1.1.0' ],
83 silly audit   'prelude-ls': [ '1.2.1' ],
83 silly audit   'prop-types': [ '15.8.1' ],
83 silly audit   punycode: [ '2.3.1' ],
83 silly audit   'queue-microtask': [ '1.2.3' ],
83 silly audit   react: [ '19.2.3' ],
83 silly audit   'react-dom': [ '19.2.3' ],
83 silly audit   'react-is': [ '16.13.1' ],
83 silly audit   'reflect.getprototypeof': [ '1.0.10' ],
83 silly audit   'regexp.prototype.flags': [ '1.5.4' ],
83 silly audit   'resolve-from': [ '4.0.0' ],
83 silly audit   'resolve-pkg-maps': [ '1.0.0' ],
83 silly audit   reusify: [ '1.1.0' ],
83 silly audit   'run-parallel': [ '1.2.0' ],
83 silly audit   'safe-array-concat': [ '1.1.3' ],
83 silly audit   'safe-push-apply': [ '1.0.0' ],
83 silly audit   'safe-regex-test': [ '1.1.0' ],
83 silly audit   scheduler: [ '0.27.0' ],
83 silly audit   'set-function-length': [ '1.2.2' ],
83 silly audit   'set-function-name': [ '2.0.2' ],
83 silly audit   'set-proto': [ '1.0.0' ],
83 silly audit   sharp: [ '0.34.5' ],
83 silly audit   'shebang-command': [ '2.0.0' ],
83 silly audit   'shebang-regex': [ '3.0.0' ],
83 silly audit   'side-channel': [ '1.1.0' ],
83 silly audit   'side-channel-list': [ '1.0.0' ],
83 silly audit   'side-channel-map': [ '1.0.1' ],
83 silly audit   'side-channel-weakmap': [ '1.0.2' ],
83 silly audit   'source-map-js': [ '1.2.1' ],
83 silly audit   'stable-hash': [ '0.0.5' ],
83 silly audit   'stop-iteration-iterator': [ '1.1.0' ],
83 silly audit   'string.prototype.includes': [ '2.0.1' ],
83 silly audit   'string.prototype.matchall': [ '4.0.12' ],
83 silly audit   'string.prototype.repeat': [ '1.0.0' ],
83 silly audit   'string.prototype.trim': [ '1.2.10' ],
83 silly audit   'string.prototype.trimend': [ '1.0.9' ],
83 silly audit   'string.prototype.trimstart': [ '1.0.8' ],
83 silly audit   'strip-bom': [ '3.0.0' ],
83 silly audit   'strip-json-comments': [ '3.1.1' ],
83 silly audit   'styled-jsx': [ '5.1.6' ],
83 silly audit   'supports-color': [ '7.2.0' ],
83 silly audit   'supports-preserve-symlinks-flag': [ '1.0.0' ],
83 silly audit   tailwindcss: [ '4.1.18' ],
83 silly audit   tapable: [ '2.3.0' ],
83 silly audit   tinyglobby: [ '0.2.15' ],
83 silly audit   fdir: [ '6.5.0' ],
83 silly audit   'to-regex-range': [ '5.0.1' ],
83 silly audit   'ts-api-utils': [ '2.4.0' ],
83 silly audit   'tsconfig-paths': [ '3.15.0' ],
83 silly audit   tslib: [ '2.8.1' ],
83 silly audit   'type-check': [ '0.4.0' ],
83 silly audit   'typed-array-buffer': [ '1.0.3' ],
83 silly audit   'typed-array-byte-length': [ '1.0.3' ],
83 silly audit   'typed-array-byte-offset': [ '1.0.4' ],
83 silly audit   'typed-array-length': [ '1.0.7' ],
83 silly audit   typescript: [ '5.9.3' ],
83 silly audit   'typescript-eslint': [ '8.52.0' ],
83 silly audit   'unbox-primitive': [ '1.1.0' ],
83 silly audit   'undici-types': [ '6.21.0' ],
83 silly audit   'unrs-resolver': [ '1.11.1' ],
83 silly audit   'update-browserslist-db': [ '1.2.3' ],
83 silly audit   'uri-js': [ '4.4.1' ],
83 silly audit   which: [ '2.0.2' ],
83 silly audit   'which-boxed-primitive': [ '1.1.1' ],
83 silly audit   'which-builtin-type': [ '1.2.1' ],
83 silly audit   'which-collection': [ '1.0.2' ],
83 silly audit   'which-typed-array': [ '1.1.19' ],
83 silly audit   'word-wrap': [ '1.2.5' ],
83 silly audit   yallist: [ '3.1.1' ],
83 silly audit   'yocto-queue': [ '0.1.0' ],
83 silly audit   zod: [ '4.3.5' ],
83 silly audit   'zod-validation-error': [ '4.0.2' ],
83 silly audit   '@tailwindcss/typography': [ '0.5.19' ],
83 silly audit   clsx: [ '2.1.1' ],
83 silly audit   'framer-motion': [ '12.25.0' ],
83 silly audit   'lucide-react': [ '0.562.0' ],
83 silly audit   'tailwind-merge': [ '3.4.0' ],
83 silly audit   'postcss-selector-parser': [ '6.0.10' ],
83 silly audit   'motion-dom': [ '12.24.11' ],
83 silly audit   'motion-utils': [ '12.24.10' ],
83 silly audit   cssesc: [ '3.0.0' ],
83 silly audit   'util-deprecate': [ '1.0.2' ],
83 silly audit   '@tailwindcss/oxide-wasm32-wasi': [ '4.1.18' ]
83 silly audit }
84 verbose reify failed optional dependency /Users/lishiguang/dev/fpv-learning/node_modules/lightningcss-win32-x64-msvc
85 silly reify mark deleted [
85 silly reify   '/Users/lishiguang/dev/fpv-learning/node_modules/lightningcss-win32-x64-msvc'
85 silly reify ]
86 verbose reify failed optional dependency /Users/lishiguang/dev/fpv-learning/node_modules/lightningcss-win32-arm64-msvc
87 silly reify mark deleted [
87 silly reify   '/Users/lishiguang/dev/fpv-learning/node_modules/lightningcss-win32-arm64-msvc'
87 silly reify ]
88 verbose reify failed optional dependency /Users/lishiguang/dev/fpv-learning/node_modules/lightningcss-linux-x64-musl
89 silly reify mark deleted [
89 silly reify   '/Users/lishiguang/dev/fpv-learning/node_modules/lightningcss-linux-x64-musl'
89 silly reify ]
90 verbose reify failed optional dependency /Users/lishiguang/dev/fpv-learning/node_modules/lightningcss-linux-x64-gnu
91 silly reify mark deleted [
91 silly reify   '/Users/lishiguang/dev/fpv-learning/node_modules/lightningcss-linux-x64-gnu'
91 silly reify ]
92 verbose reify failed optional dependency /Users/lishiguang/dev/fpv-learning/node_modules/lightningcss-linux-arm64-musl
93 silly reify mark deleted [
93 silly reify   '/Users/lishiguang/dev/fpv-learning/node_modules/lightningcss-linux-arm64-musl'
93 silly reify ]
94 verbose reify failed optional dependency /Users/lishiguang/dev/fpv-learning/node_modules/lightningcss-linux-arm64-gnu
95 silly reify mark deleted [
95 silly reify   '/Users/lishiguang/dev/fpv-learning/node_modules/lightningcss-linux-arm64-gnu'
95 silly reify ]
96 verbose reify failed optional dependency /Users/lishiguang/dev/fpv-learning/node_modules/lightningcss-linux-arm-gnueabihf
97 silly reify mark deleted [
97 silly reify   '/Users/lishiguang/dev/fpv-learning/node_modules/lightningcss-linux-arm-gnueabihf'
97 silly reify ]
98 verbose reify failed optional dependency /Users/lishiguang/dev/fpv-learning/node_modules/lightningcss-freebsd-x64
99 silly reify mark deleted [
99 silly reify   '/Users/lishiguang/dev/fpv-learning/node_modules/lightningcss-freebsd-x64'
99 silly reify ]
100 verbose reify failed optional dependency /Users/lishiguang/dev/fpv-learning/node_modules/lightningcss-darwin-x64
101 silly reify mark deleted [
101 silly reify   '/Users/lishiguang/dev/fpv-learning/node_modules/lightningcss-darwin-x64'
101 silly reify ]
102 verbose reify failed optional dependency /Users/lishiguang/dev/fpv-learning/node_modules/lightningcss-android-arm64
103 silly reify mark deleted [
103 silly reify   '/Users/lishiguang/dev/fpv-learning/node_modules/lightningcss-android-arm64'
103 silly reify ]
104 verbose reify failed optional dependency /Users/lishiguang/dev/fpv-learning/node_modules/@unrs/resolver-binding-win32-x64-msvc
105 silly reify mark deleted [
105 silly reify   '/Users/lishiguang/dev/fpv-learning/node_modules/@unrs/resolver-binding-win32-x64-msvc'
105 silly reify ]
106 verbose reify failed optional dependency /Users/lishiguang/dev/fpv-learning/node_modules/@unrs/resolver-binding-win32-ia32-msvc
107 silly reify mark deleted [
107 silly reify   '/Users/lishiguang/dev/fpv-learning/node_modules/@unrs/resolver-binding-win32-ia32-msvc'
107 silly reify ]
108 verbose reify failed optional dependency /Users/lishiguang/dev/fpv-learning/node_modules/@unrs/resolver-binding-win32-arm64-msvc
109 silly reify mark deleted [
109 silly reify   '/Users/lishiguang/dev/fpv-learning/node_modules/@unrs/resolver-binding-win32-arm64-msvc'
109 silly reify ]
110 verbose reify failed optional dependency /Users/lishiguang/dev/fpv-learning/node_modules/@unrs/resolver-binding-wasm32-wasi
111 silly reify mark deleted [
111 silly reify   '/Users/lishiguang/dev/fpv-learning/node_modules/@unrs/resolver-binding-wasm32-wasi'
111 silly reify ]
112 verbose reify failed optional dependency /Users/lishiguang/dev/fpv-learning/node_modules/@unrs/resolver-binding-linux-x64-musl
113 silly reify mark deleted [
113 silly reify   '/Users/lishiguang/dev/fpv-learning/node_modules/@unrs/resolver-binding-linux-x64-musl'
113 silly reify ]
114 verbose reify failed optional dependency /Users/lishiguang/dev/fpv-learning/node_modules/@unrs/resolver-binding-linux-x64-gnu
115 silly reify mark deleted [
115 silly reify   '/Users/lishiguang/dev/fpv-learning/node_modules/@unrs/resolver-binding-linux-x64-gnu'
115 silly reify ]
116 verbose reify failed optional dependency /Users/lishiguang/dev/fpv-learning/node_modules/@unrs/resolver-binding-linux-s390x-gnu
117 silly reify mark deleted [
117 silly reify   '/Users/lishiguang/dev/fpv-learning/node_modules/@unrs/resolver-binding-linux-s390x-gnu'
117 silly reify ]
118 verbose reify failed optional dependency /Users/lishiguang/dev/fpv-learning/node_modules/@unrs/resolver-binding-linux-riscv64-musl
119 silly reify mark deleted [
119 silly reify   '/Users/lishiguang/dev/fpv-learning/node_modules/@unrs/resolver-binding-linux-riscv64-musl'
119 silly reify ]
120 verbose reify failed optional dependency /Users/lishiguang/dev/fpv-learning/node_modules/@unrs/resolver-binding-linux-riscv64-gnu
121 silly reify mark deleted [
121 silly reify   '/Users/lishiguang/dev/fpv-learning/node_modules/@unrs/resolver-binding-linux-riscv64-gnu'
121 silly reify ]
122 verbose reify failed optional dependency /Users/lishiguang/dev/fpv-learning/node_modules/@unrs/resolver-binding-linux-ppc64-gnu
123 silly reify mark deleted [
123 silly reify   '/Users/lishiguang/dev/fpv-learning/node_modules/@unrs/resolver-binding-linux-ppc64-gnu'
123 silly reify ]
124 verbose reify failed optional dependency /Users/lishiguang/dev/fpv-learning/node_modules/@unrs/resolver-binding-linux-arm64-musl
125 silly reify mark deleted [
125 silly reify   '/Users/lishiguang/dev/fpv-learning/node_modules/@unrs/resolver-binding-linux-arm64-musl'
125 silly reify ]
126 verbose reify failed optional dependency /Users/lishiguang/dev/fpv-learning/node_modules/@unrs/resolver-binding-linux-arm64-gnu
127 silly reify mark deleted [
127 silly reify   '/Users/lishiguang/dev/fpv-learning/node_modules/@unrs/resolver-binding-linux-arm64-gnu'
127 silly reify ]
128 verbose reify failed optional dependency /Users/lishiguang/dev/fpv-learning/node_modules/@unrs/resolver-binding-linux-arm-musleabihf
129 silly reify mark deleted [
129 silly reify   '/Users/lishiguang/dev/fpv-learning/node_modules/@unrs/resolver-binding-linux-arm-musleabihf'
129 silly reify ]
130 verbose reify failed optional dependency /Users/lishiguang/dev/fpv-learning/node_modules/@unrs/resolver-binding-linux-arm-gnueabihf
131 silly reify mark deleted [
131 silly reify   '/Users/lishiguang/dev/fpv-learning/node_modules/@unrs/resolver-binding-linux-arm-gnueabihf'
131 silly reify ]
132 verbose reify failed optional dependency /Users/lishiguang/dev/fpv-learning/node_modules/@unrs/resolver-binding-freebsd-x64
133 silly reify mark deleted [
133 silly reify   '/Users/lishiguang/dev/fpv-learning/node_modules/@unrs/resolver-binding-freebsd-x64'
133 silly reify ]
134 verbose reify failed optional dependency /Users/lishiguang/dev/fpv-learning/node_modules/@unrs/resolver-binding-darwin-x64
135 silly reify mark deleted [
135 silly reify   '/Users/lishiguang/dev/fpv-learning/node_modules/@unrs/resolver-binding-darwin-x64'
135 silly reify ]
136 verbose reify failed optional dependency /Users/lishiguang/dev/fpv-learning/node_modules/@unrs/resolver-binding-android-arm64
137 silly reify mark deleted [
137 silly reify   '/Users/lishiguang/dev/fpv-learning/node_modules/@unrs/resolver-binding-android-arm64'
137 silly reify ]
138 verbose reify failed optional dependency /Users/lishiguang/dev/fpv-learning/node_modules/@unrs/resolver-binding-android-arm-eabi
139 silly reify mark deleted [
139 silly reify   '/Users/lishiguang/dev/fpv-learning/node_modules/@unrs/resolver-binding-android-arm-eabi'
139 silly reify ]
140 verbose reify failed optional dependency /Users/lishiguang/dev/fpv-learning/node_modules/@tailwindcss/oxide-win32-x64-msvc
141 silly reify mark deleted [
141 silly reify   '/Users/lishiguang/dev/fpv-learning/node_modules/@tailwindcss/oxide-win32-x64-msvc'
141 silly reify ]
142 verbose reify failed optional dependency /Users/lishiguang/dev/fpv-learning/node_modules/@tailwindcss/oxide-win32-arm64-msvc
143 silly reify mark deleted [
143 silly reify   '/Users/lishiguang/dev/fpv-learning/node_modules/@tailwindcss/oxide-win32-arm64-msvc'
143 silly reify ]
144 verbose reify failed optional dependency /Users/lishiguang/dev/fpv-learning/node_modules/@tailwindcss/oxide-linux-x64-musl
145 silly reify mark deleted [
145 silly reify   '/Users/lishiguang/dev/fpv-learning/node_modules/@tailwindcss/oxide-linux-x64-musl'
145 silly reify ]
146 verbose reify failed optional dependency /Users/lishiguang/dev/fpv-learning/node_modules/@tailwindcss/oxide-linux-x64-gnu
147 silly reify mark deleted [
147 silly reify   '/Users/lishiguang/dev/fpv-learning/node_modules/@tailwindcss/oxide-linux-x64-gnu'
147 silly reify ]
148 verbose reify failed optional dependency /Users/lishiguang/dev/fpv-learning/node_modules/@tailwindcss/oxide-linux-arm64-musl
149 silly reify mark deleted [
149 silly reify   '/Users/lishiguang/dev/fpv-learning/node_modules/@tailwindcss/oxide-linux-arm64-musl'
149 silly reify ]
150 verbose reify failed optional dependency /Users/lishiguang/dev/fpv-learning/node_modules/@tailwindcss/oxide-linux-arm64-gnu
151 silly reify mark deleted [
151 silly reify   '/Users/lishiguang/dev/fpv-learning/node_modules/@tailwindcss/oxide-linux-arm64-gnu'
151 silly reify ]
152 verbose reify failed optional dependency /Users/lishiguang/dev/fpv-learning/node_modules/@tailwindcss/oxide-linux-arm-gnueabihf
153 silly reify mark deleted [
153 silly reify   '/Users/lishiguang/dev/fpv-learning/node_modules/@tailwindcss/oxide-linux-arm-gnueabihf'
153 silly reify ]
154 verbose reify failed optional dependency /Users/lishiguang/dev/fpv-learning/node_modules/@tailwindcss/oxide-freebsd-x64
155 silly reify mark deleted [
155 silly reify   '/Users/lishiguang/dev/fpv-learning/node_modules/@tailwindcss/oxide-freebsd-x64'
155 silly reify ]
156 verbose reify failed optional dependency /Users/lishiguang/dev/fpv-learning/node_modules/@tailwindcss/oxide-darwin-x64
157 silly reify mark deleted [
157 silly reify   '/Users/lishiguang/dev/fpv-learning/node_modules/@tailwindcss/oxide-darwin-x64'
157 silly reify ]
158 verbose reify failed optional dependency /Users/lishiguang/dev/fpv-learning/node_modules/@tailwindcss/oxide-android-arm64
159 silly reify mark deleted [
159 silly reify   '/Users/lishiguang/dev/fpv-learning/node_modules/@tailwindcss/oxide-android-arm64'
159 silly reify ]
160 verbose reify failed optional dependency /Users/lishiguang/dev/fpv-learning/node_modules/@next/swc-win32-x64-msvc
161 silly reify mark deleted [
161 silly reify   '/Users/lishiguang/dev/fpv-learning/node_modules/@next/swc-win32-x64-msvc'
161 silly reify ]
162 verbose reify failed optional dependency /Users/lishiguang/dev/fpv-learning/node_modules/@next/swc-win32-arm64-msvc
163 silly reify mark deleted [
163 silly reify   '/Users/lishiguang/dev/fpv-learning/node_modules/@next/swc-win32-arm64-msvc'
163 silly reify ]
164 verbose reify failed optional dependency /Users/lishiguang/dev/fpv-learning/node_modules/@next/swc-linux-x64-musl
165 silly reify mark deleted [
165 silly reify   '/Users/lishiguang/dev/fpv-learning/node_modules/@next/swc-linux-x64-musl'
165 silly reify ]
166 verbose reify failed optional dependency /Users/lishiguang/dev/fpv-learning/node_modules/@next/swc-linux-x64-gnu
167 silly reify mark deleted [
167 silly reify   '/Users/lishiguang/dev/fpv-learning/node_modules/@next/swc-linux-x64-gnu'
167 silly reify ]
168 verbose reify failed optional dependency /Users/lishiguang/dev/fpv-learning/node_modules/@next/swc-linux-arm64-musl
169 silly reify mark deleted [
169 silly reify   '/Users/lishiguang/dev/fpv-learning/node_modules/@next/swc-linux-arm64-musl'
169 silly reify ]
170 verbose reify failed optional dependency /Users/lishiguang/dev/fpv-learning/node_modules/@next/swc-linux-arm64-gnu
171 silly reify mark deleted [
171 silly reify   '/Users/lishiguang/dev/fpv-learning/node_modules/@next/swc-linux-arm64-gnu'
171 silly reify ]
172 verbose reify failed optional dependency /Users/lishiguang/dev/fpv-learning/node_modules/@next/swc-darwin-x64
173 silly reify mark deleted [
173 silly reify   '/Users/lishiguang/dev/fpv-learning/node_modules/@next/swc-darwin-x64'
173 silly reify ]
174 verbose reify failed optional dependency /Users/lishiguang/dev/fpv-learning/node_modules/@img/sharp-win32-x64
175 silly reify mark deleted [
175 silly reify   '/Users/lishiguang/dev/fpv-learning/node_modules/@img/sharp-win32-x64'
175 silly reify ]
176 verbose reify failed optional dependency /Users/lishiguang/dev/fpv-learning/node_modules/@img/sharp-win32-ia32
177 silly reify mark deleted [
177 silly reify   '/Users/lishiguang/dev/fpv-learning/node_modules/@img/sharp-win32-ia32'
177 silly reify ]
178 verbose reify failed optional dependency /Users/lishiguang/dev/fpv-learning/node_modules/@img/sharp-win32-arm64
179 silly reify mark deleted [
179 silly reify   '/Users/lishiguang/dev/fpv-learning/node_modules/@img/sharp-win32-arm64'
179 silly reify ]
180 verbose reify failed optional dependency /Users/lishiguang/dev/fpv-learning/node_modules/@img/sharp-wasm32
181 silly reify mark deleted [ '/Users/lishiguang/dev/fpv-learning/node_modules/@img/sharp-wasm32' ]
182 verbose reify failed optional dependency /Users/lishiguang/dev/fpv-learning/node_modules/@img/sharp-linuxmusl-x64
183 silly reify mark deleted [
183 silly reify   '/Users/lishiguang/dev/fpv-learning/node_modules/@img/sharp-linuxmusl-x64'
183 silly reify ]
184 verbose reify failed optional dependency /Users/lishiguang/dev/fpv-learning/node_modules/@img/sharp-linuxmusl-arm64
185 silly reify mark deleted [
185 silly reify   '/Users/lishiguang/dev/fpv-learning/node_modules/@img/sharp-linuxmusl-arm64'
185 silly reify ]
186 verbose reify failed optional dependency /Users/lishiguang/dev/fpv-learning/node_modules/@img/sharp-linux-x64
187 silly reify mark deleted [
187 silly reify   '/Users/lishiguang/dev/fpv-learning/node_modules/@img/sharp-linux-x64'
187 silly reify ]
188 verbose reify failed optional dependency /Users/lishiguang/dev/fpv-learning/node_modules/@img/sharp-linux-s390x
189 silly reify mark deleted [
189 silly reify   '/Users/lishiguang/dev/fpv-learning/node_modules/@img/sharp-linux-s390x'
189 silly reify ]
190 verbose reify failed optional dependency /Users/lishiguang/dev/fpv-learning/node_modules/@img/sharp-linux-riscv64
191 silly reify mark deleted [
191 silly reify   '/Users/lishiguang/dev/fpv-learning/node_modules/@img/sharp-linux-riscv64'
191 silly reify ]
192 verbose reify failed optional dependency /Users/lishiguang/dev/fpv-learning/node_modules/@img/sharp-linux-ppc64
193 silly reify mark deleted [
193 silly reify   '/Users/lishiguang/dev/fpv-learning/node_modules/@img/sharp-linux-ppc64'
193 silly reify ]
194 verbose reify failed optional dependency /Users/lishiguang/dev/fpv-learning/node_modules/@img/sharp-linux-arm64
195 silly reify mark deleted [
195 silly reify   '/Users/lishiguang/dev/fpv-learning/node_modules/@img/sharp-linux-arm64'
195 silly reify ]
196 verbose reify failed optional dependency /Users/lishiguang/dev/fpv-learning/node_modules/@img/sharp-linux-arm
197 silly reify mark deleted [
197 silly reify   '/Users/lishiguang/dev/fpv-learning/node_modules/@img/sharp-linux-arm'
197 silly reify ]
198 verbose reify failed optional dependency /Users/lishiguang/dev/fpv-learning/node_modules/@img/sharp-libvips-linuxmusl-x64
199 silly reify mark deleted [
199 silly reify   '/Users/lishiguang/dev/fpv-learning/node_modules/@img/sharp-libvips-linuxmusl-x64'
199 silly reify ]
200 verbose reify failed optional dependency /Users/lishiguang/dev/fpv-learning/node_modules/@img/sharp-libvips-linuxmusl-arm64
201 silly reify mark deleted [
201 silly reify   '/Users/lishiguang/dev/fpv-learning/node_modules/@img/sharp-libvips-linuxmusl-arm64'
201 silly reify ]
202 verbose reify failed optional dependency /Users/lishiguang/dev/fpv-learning/node_modules/@img/sharp-libvips-linux-x64
203 silly reify mark deleted [
203 silly reify   '/Users/lishiguang/dev/fpv-learning/node_modules/@img/sharp-libvips-linux-x64'
203 silly reify ]
204 verbose reify failed optional dependency /Users/lishiguang/dev/fpv-learning/node_modules/@img/sharp-libvips-linux-s390x
205 silly reify mark deleted [
205 silly reify   '/Users/lishiguang/dev/fpv-learning/node_modules/@img/sharp-libvips-linux-s390x'
205 silly reify ]
206 verbose reify failed optional dependency /Users/lishiguang/dev/fpv-learning/node_modules/@img/sharp-libvips-linux-riscv64
207 silly reify mark deleted [
207 silly reify   '/Users/lishiguang/dev/fpv-learning/node_modules/@img/sharp-libvips-linux-riscv64'
207 silly reify ]
208 verbose reify failed optional dependency /Users/lishiguang/dev/fpv-learning/node_modules/@img/sharp-libvips-linux-ppc64
209 silly reify mark deleted [
209 silly reify   '/Users/lishiguang/dev/fpv-learning/node_modules/@img/sharp-libvips-linux-ppc64'
209 silly reify ]
210 verbose reify failed optional dependency /Users/lishiguang/dev/fpv-learning/node_modules/@img/sharp-libvips-linux-arm64
211 silly reify mark deleted [
211 silly reify   '/Users/lishiguang/dev/fpv-learning/node_modules/@img/sharp-libvips-linux-arm64'
211 silly reify ]
212 verbose reify failed optional dependency /Users/lishiguang/dev/fpv-learning/node_modules/@img/sharp-libvips-linux-arm
213 silly reify mark deleted [
213 silly reify   '/Users/lishiguang/dev/fpv-learning/node_modules/@img/sharp-libvips-linux-arm'
213 silly reify ]
214 verbose reify failed optional dependency /Users/lishiguang/dev/fpv-learning/node_modules/@img/sharp-libvips-darwin-x64
215 silly reify mark deleted [
215 silly reify   '/Users/lishiguang/dev/fpv-learning/node_modules/@img/sharp-libvips-darwin-x64'
215 silly reify ]
216 verbose reify failed optional dependency /Users/lishiguang/dev/fpv-learning/node_modules/@img/sharp-darwin-x64
217 silly reify mark deleted [
217 silly reify   '/Users/lishiguang/dev/fpv-learning/node_modules/@img/sharp-darwin-x64'
217 silly reify ]
218 silly tarball no local data for util-deprecate@https://registry.npmmirror.com/util-deprecate/-/util-deprecate-1.0.2.tgz. Extracting by manifest.
219 silly tarball no local data for motion-dom@https://registry.npmmirror.com/motion-dom/-/motion-dom-12.24.11.tgz. Extracting by manifest.
220 silly tarball no local data for cssesc@https://registry.npmmirror.com/cssesc/-/cssesc-3.0.0.tgz. Extracting by manifest.
221 silly tarball no local data for motion-utils@https://registry.npmmirror.com/motion-utils/-/motion-utils-12.24.10.tgz. Extracting by manifest.
222 silly tarball no local data for tailwind-merge@https://registry.npmmirror.com/tailwind-merge/-/tailwind-merge-3.4.0.tgz. Extracting by manifest.
223 silly tarball no local data for lucide-react@https://registry.npmmirror.com/lucide-react/-/lucide-react-0.562.0.tgz. Extracting by manifest.
224 silly tarball no local data for framer-motion@https://registry.npmmirror.com/framer-motion/-/framer-motion-12.25.0.tgz. Extracting by manifest.
225 silly tarball no local data for clsx@https://registry.npmmirror.com/clsx/-/clsx-2.1.1.tgz. Extracting by manifest.
226 silly tarball no local data for postcss-selector-parser@https://registry.npmmirror.com/postcss-selector-parser/-/postcss-selector-parser-6.0.10.tgz. Extracting by manifest.
227 silly tarball no local data for @tailwindcss/typography@https://registry.npmmirror.com/@tailwindcss/typography/-/typography-0.5.19.tgz. Extracting by manifest.
228 http fetch POST 404 https://registry.npmmirror.com/-/npm/v1/security/advisories/bulk 47ms
229 silly audit bulk request failed [object Object]
230 http fetch POST 404 https://registry.npmmirror.com/-/npm/v1/security/audits/quick 31ms
231 verbose audit error HttpErrorGeneral: 404 Not Found - POST https://registry.npmmirror.com/-/npm/v1/security/audits/quick - [NOT_IMPLEMENTED] /-/npm/v1/security/* not implemented yet
231 verbose audit error     at /Users/lishiguang/.nvm/versions/node/v22.11.0/lib/node_modules/npm/node_modules/npm-registry-fetch/lib/check-response.js:95:15
231 verbose audit error     at process.processTicksAndRejections (node:internal/process/task_queues:105:5)
231 verbose audit error     at async [getReport] (/Users/lishiguang/.nvm/versions/node/v22.11.0/lib/node_modules/npm/node_modules/@npmcli/arborist/lib/audit-report.js:336:21)
231 verbose audit error     at async AuditReport.run (/Users/lishiguang/.nvm/versions/node/v22.11.0/lib/node_modules/npm/node_modules/@npmcli/arborist/lib/audit-report.js:106:19) {
231 verbose audit error   headers: [Object: null prototype] {
231 verbose audit error     server: [ 'Tengine' ],
231 verbose audit error     date: [ 'Sun, 11 Jan 2026 13:41:10 GMT' ],
231 verbose audit error     'content-type': [ 'application/json' ],
231 verbose audit error     'transfer-encoding': [ 'chunked' ],
231 verbose audit error     connection: [ 'keep-alive' ],
231 verbose audit error     'strict-transport-security': [ 'max-age=5184000' ],
231 verbose audit error     via: [ 'kunlun2.cn6691[,404666]' ],
231 verbose audit error     'timing-allow-origin': [ '*' ],
231 verbose audit error     eagleid: [ '0152e81617681388706117574e' ],
231 verbose audit error     'x-fetch-attempts': [ '1' ]
231 verbose audit error   },
231 verbose audit error   statusCode: 404,
231 verbose audit error   code: 'E404',
231 verbose audit error   method: 'POST',
231 verbose audit error   uri: 'https://registry.npmmirror.com/-/npm/v1/security/audits/quick',
231 verbose audit error   body: {
231 verbose audit error     error: '[NOT_IMPLEMENTED] /-/npm/v1/security/* not implemented yet'
231 verbose audit error   },
231 verbose audit error   pkgid: undefined
231 verbose audit error }
232 silly audit error [object Object]
233 silly audit report null
234 http fetch GET 200 https://cdn.npmmirror.com/packages/util-deprecate/1.0.2/util-deprecate-1.0.2.tgz 161ms (cache miss)
235 http fetch GET 200 https://cdn.npmmirror.com/packages/clsx/2.1.1/clsx-2.1.1.tgz 234ms (cache miss)
236 http fetch GET 200 https://cdn.npmmirror.com/packages/motion-dom/12.24.11/motion-dom-12.24.11.tgz 246ms (cache miss)
237 http fetch GET 200 https://cdn.npmmirror.com/packages/cssesc/3.0.0/cssesc-3.0.0.tgz 251ms (cache miss)
238 http fetch GET 200 https://cdn.npmmirror.com/packages/%40tailwindcss/typography/0.5.19/typography-0.5.19.tgz 260ms (cache miss)
239 http fetch GET 200 https://cdn.npmmirror.com/packages/tailwind-merge/3.4.0/tailwind-merge-3.4.0.tgz 284ms (cache miss)
240 http fetch GET 200 https://cdn.npmmirror.com/packages/postcss-selector-parser/6.0.10/postcss-selector-parser-6.0.10.tgz 285ms (cache miss)
241 http fetch GET 200 https://cdn.npmmirror.com/packages/framer-motion/12.25.0/framer-motion-12.25.0.tgz 345ms (cache miss)
242 http fetch GET 200 https://cdn.npmmirror.com/packages/motion-utils/12.24.10/motion-utils-12.24.10.tgz 366ms (cache miss)
243 http fetch GET 200 https://cdn.npmmirror.com/packages/lucide-react/0.562.0/lucide-react-0.562.0.tgz 946ms (cache miss)
244 silly ADD node_modules/util-deprecate
245 silly ADD node_modules/cssesc
246 silly ADD node_modules/motion-utils
247 silly ADD node_modules/motion-dom
248 silly ADD node_modules/postcss-selector-parser
249 silly ADD node_modules/tailwind-merge
250 silly ADD node_modules/lucide-react
251 silly ADD node_modules/framer-motion
252 silly ADD node_modules/clsx
253 silly ADD node_modules/@tailwindcss/typography
254 silly ADD
255 silly ADD
256 silly ADD
257 silly ADD
258 silly ADD
259 silly ADD
260 silly ADD
261 silly ADD
262 silly ADD
263 silly ADD
264 silly ADD
265 silly ADD
266 silly ADD
267 silly ADD
268 silly ADD
269 silly ADD
270 silly ADD
271 silly ADD
272 silly ADD
273 silly ADD
274 silly ADD
275 silly ADD
276 silly ADD
277 silly ADD
278 silly ADD
279 silly ADD
280 silly ADD
281 silly ADD
282 silly ADD
283 silly ADD
284 silly ADD
285 silly ADD
286 silly ADD
287 silly ADD
288 silly ADD
289 silly ADD
290 silly ADD
291 silly ADD
292 silly ADD
293 silly ADD
294 silly ADD
295 silly ADD
296 silly ADD
297 silly ADD
298 silly ADD
299 silly ADD
300 silly ADD
301 silly ADD
302 silly ADD
303 silly ADD
304 silly ADD
305 silly ADD
306 silly ADD
307 silly ADD
308 silly ADD
309 silly ADD
310 silly ADD
311 silly ADD
312 silly ADD
313 silly ADD
314 silly ADD
315 silly ADD
316 silly ADD
317 silly ADD
318 silly ADD
319 silly ADD
320 silly ADD
321 silly ADD
322 verbose cwd /Users/lishiguang/dev/fpv-learning
323 verbose os Darwin 24.6.0
324 verbose node v22.11.0
325 verbose npm  v10.9.0
326 verbose exit 0
327 info ok
